[2021-11-29 13:50:26][xSvtFEcPpAA2gWRpyR3OJyNna96cT4x0] Processing: App\Libraries\KAI\V1\Events\OnGetSchedule
[2021-11-29 13:50:26][xSvtFEcPpAA2gWRpyR3OJyNna96cT4x0] Failed:     App\Libraries\KAI\V1\Events\OnGetSchedule
Could not open input file: artisan
Could not open input file: artisan
Could not open input file: artisan
Could not open input file: artisan
Could not open input file: artisan
Could not open input file: artisan
Could not open input file: artisan
Could not open input file: artisan
Could not open input file: artisan
Could not open input file: artisan
Could not open input file: artisan
Could not open input file: artisan
Could not open input file: artisan
Could not open input file: artisan
Could not open input file: artisan
Could not open input file: artisan
Could not open input file: artisan
Could not open input file: artisan
Could not open input file: artisan
Could not open input file: artisan
Could not open input file: artisan
Could not open input file: artisan
Could not open input file: artisan
Could not open input file: artisan
Could not open input file: artisan
[2021-12-01 18:18:26][HFNUiZWjW7l6pHoXICgWh6tTBE6LaghS] Processing: App\Libraries\KAI\V1\Events\OnGetSchedule
[2021-12-01 18:18:26][jEEESzXvSfrgASZYCq9FOii5O8JiwfCC] Processing: App\Libraries\KAI\V1\Events\OnGetSchedule
[2021-12-01 18:18:26][HFNUiZWjW7l6pHoXICgWh6tTBE6LaghS] Failed:     App\Libraries\KAI\V1\Events\OnGetSchedule
[2021-12-01 18:18:26][jEEESzXvSfrgASZYCq9FOii5O8JiwfCC] Failed:     App\Libraries\KAI\V1\Events\OnGetSchedule
[2021-12-01 18:37:41][SoJrzfDMJRkwPcWZpo71fhtmEMiauYCV] Processing: App\Libraries\KAI\V1\Events\OnGetSchedule
[2021-12-01 18:37:41][SoJrzfDMJRkwPcWZpo71fhtmEMiauYCV] Failed:     App\Libraries\KAI\V1\Events\OnGetSchedule
